<?xml version="1.0" encoding="UTF-8"?>
<!-- Generated by org.testng.reporters.JUnitReportReporter -->
<testsuite hostname="sharona-hrdt" name="org.gradle.GroupingTests" tests="4" failures="0" timestamp="4 Jul 2016 13:25:28 GMT" time="124.115" errors="1">
  <testcase name="ChooseOneColumn" time="81.429" classname="org.gradle.GroupingTests"/>
  <testcase name="ChooseOneColumn" time="20.262" classname="org.gradle.GroupingTests"/>
  <testcase name="ChooseOneColumn" time="0.000" classname="org.gradle.GroupingTests">
    <error type="org.testng.TestNGException" message="
Parameter &#039;column&#039; is required by @Test on method ChooseOneColumn but has not been marked @Optional or defined
in C:\Users\sharon.amir\Documents\workspace-sts-3.7.3.RELEASE\UiGridTestsGradleProject\src\test\java\org\gradle\testng.xml">
      <![CDATA[org.testng.TestNGException: 
Parameter 'column' is required by @Test on method ChooseOneColumn but has not been marked @Optional or defined
in C:\Users\sharon.amir\Documents\workspace-sts-3.7.3.RELEASE\UiGridTestsGradleProject\src\test\java\org\gradle\testng.xml
	at org.testng.internal.Parameters.createParameters(Parameters.java:154)
	at org.testng.internal.Parameters.createParameters(Parameters.java:361)
	at org.testng.internal.Parameters.handleParameters(Parameters.java:451)
	at org.testng.internal.Invoker.handleParameters(Invoker.java:1243)
	at org.testng.internal.Invoker.createParameters(Invoker.java:992)
	at org.testng.internal.Invoker.invokeTestMethods(Invoker.java:1082)
	at org.testng.internal.TestMethodWorker.invokeTestMethods(TestMethodWorker.java:129)
	at org.testng.internal.TestMethodWorker.run(TestMethodWorker.java:112)
	at org.testng.TestRunner.privateRun(TestRunner.java:778)
	at org.testng.TestRunner.run(TestRunner.java:632)
	at org.testng.SuiteRunner.runTest(SuiteRunner.java:366)
	at org.testng.SuiteRunner.access$000(SuiteRunner.java:39)
	at org.testng.SuiteRunner$SuiteWorker.run(SuiteRunner.java:400)
	at org.testng.internal.thread.ThreadUtil$2.call(ThreadUtil.java:64)
	at java.util.concurrent.FutureTask.run(Unknown Source)
	at java.util.concurrent.ThreadPoolExecutor.runWorker(Unknown Source)
	at java.util.concurrent.ThreadPoolExecutor$Worker.run(Unknown Source)
	at java.lang.Thread.run(Unknown Source)
]]>
    </error>
  </testcase> <!-- ChooseOneColumn -->
  <testcase name="ChooseOneColumn" time="22.424" classname="org.gradle.GroupingTests"/>
</testsuite> <!-- org.gradle.GroupingTests -->
